Current date & time 10/07/14 20:50:35
Sites not responding to request:
http://govdata.de , 404
http://data.overheid.nl , 404
http://data.norge.no , 404
http://data.gov , 404
http://data.buenosaires.gob.ar/ , 403
http://data.nsw.gov.au , 404
http://data.ottawa.ca/ , 400
http://daten.berlin.de , 404
http://daten.hamburg.de/ , 200
http://www.daten.rlp.de/ , 400
http://www.opendata-hro.de/ , 400
http://opendata.comune.bari.it/ , 400
http://www.opendata.provincia.roma.it/ , 400
http://data.denvergov.org/ , 404
http://data.cityofsantacruz.com/ , 400
http://data.lexingtonky.gov/ , 400
http://open-data.europa.eu/ , 404
http://datameti.go.jp/data/ , 500
http://healthdata.gov/ , 404
http://data.linz.gv.at/ , 404
http://data.graz.gv.at/ , 404
http://opencolorado.org/ , 404
http://www.opendatahub.it/ , 400
http://open-data.okfn.gr/ , 404
http://datacatalogs.org/ , 404
http://datos.gob.mx/ , 404
http://catalogue.datalocale.fr , 400
http://data.gc.ca , 404
http://opendatacanarias.es/ , 404
http://datospublicos.gob.ar/ , 404
http://dati.gov.it/ , 403
http://www.openumea.se/ , 404
https://data.noaa.gov/dataset , 404
http://data.ug/ , 404
http://dados.rs.gov.br/ , 404
http://opendatahub.gr , 500
http://datameti.go.jp , 404
http://www.data.go.jp , 200
http://ckan.sabae.jrrk.org , 502
http://www.amsterdamopendata.nl , 404
https://edx.netl.doe.gov , 400

{"2.0": ["http://bermuda.io/", "http://opendata.cmt.es/", "http://dados.recife.pe.gov.br/", "http://opendata.hu/", "http://annuario.comune.fi.it", "http://data.bris.ac.uk/data"], "2.0.4": ["http://data.edostate.gov.ng/", "http://geothermaldata.org", "http://www.datos.misiones.gov.ar"], "2.0.3": ["http://opendata.caceres.es/", "http://opendata.caceres.es/"], "2.0.2": ["http://data.qld.gov.au", "http://datagm.org.uk", "http://offenedaten.de/", "http://opendata.admin.ch/", "http://data.gov.ro/", "http://cities.opendatahub.gr", "http://oppnadata.se", "http://opendata.lisra.jp"], "2.0.1": ["http://data.grcity.us"], "2.2b": ["http://data.gov.uk", "http://portal.openbelgium.be"], "2.2a": ["http://hubofdata.ru/", "http://www.civicdata.io"], "2.1a": ["http://data.openva.com/", "http://data.codeforhouston.com/", "http://opendatadc.org/", "http://data.glasgow.gov.uk/"], "2.1.2b": ["http://iatiregistry.org"], "2.3a": ["https://catalogodatos.gub.uy/", "http://www.nosdonnees.fr/"], "2.2.1b": ["http://publicdata.eu", "http://datos.codeandomexico.org/", "http://datamx.io"], "2.1.2": ["http://www.odaa.dk/", "http://www.odaa.dk/"], "2.2": ["http://dados.gov.br", "http://data.gov.sk", "http://opingogn.is/", "http://data.gov.au", "http://dati.toscana.it/", "http://datosabiertos.malaga.eu/", "http://donnees.ville.montreal.qc.ca/", "http://dati.trentino.it/", "http://data.surrey.ca/", "http://www.offene-daten.me", "http://data.hdx.rwlabs.org", "http://dataforjapan.org", "http://data.salzburgerland.com", "http://gong.io", "http://opendatareno.org", "http://data.gov.ie", "http://data.tainan.gov.tw"], "2.1": ["http://dartportal.leeds.ac.uk/", "http://datapoa.com.br/", "http://data.rio.rj.gov.br/", "http://opendatagortynia.gr/", null, "http://datosabiertos.ec", "http://udct-data.aigid.jp"], "2.1.1": ["http://data.sa.gov.au/", "http://www.hri.fi", "http://opendata.aragon.es/", "http://africaopendata.org/", "http://data.kk.dk/", "http://rotterdamopendata.nl/", "http://data.kk.dk/", "http://donnees.ville.sherbrooke.qc.ca", "http://ckan.gsi.go.jp", "http://gisdata.mn.gov"], "2.1.1b": ["http://datahub.io/"]}
 
{"noregistration": ["http://opendata.admin.ch/", "http://datosabiertos.malaga.eu/"], "datastorer": ["http://africaopendata.org/", "http://opendatadc.org/", "http://opendata.cmt.es/", "http://dados.recife.pe.gov.br/"], "synchronous_search": ["http://donnees.ville.montreal.qc.ca/"], "dgu_publisher_form": ["http://data.gov.uk"], "datajson": ["http://data.openva.com/"], "datastore": ["http://data.gov.sk", "http://data.codeforhouston.com/", "http://bermuda.io/", "http://data.gov.ro/", "http://data.hdx.rwlabs.org"], "pdf_preview": ["http://hubofdata.ru/", "http://opendata.caceres.es/", "http://opendata.caceres.es/", "http://datapoa.com.br/", "http://opendatagortynia.gr/", null], "hri_wordpress_auth": ["http://www.hri.fi"], "ckan_harvester": ["http://dados.gov.br", "http://africaopendata.org/", "http://geothermaldata.org"], "googleanalytics": ["https://catalogodatos.gub.uy/", "http://opingogn.is/", "http://dati.toscana.it/", "http://datagm.org.uk", "http://datahub.io/", "http://data.kk.dk/", "http://data.glasgow.gov.uk/", "http://dados.recife.pe.gov.br/", "http://data.surrey.ca/", "http://data.kk.dk/", "http://data.rio.rj.gov.br/", "http://oppnadata.se", "http://data.salzburgerland.com", "http://data.bris.ac.uk/data"], "datitrentinoit_form": ["http://dati.trentino.it/"], "disqus": ["http://data.gov.au"], "stats": ["http://dados.gov.br", "http://data.gov.sk", "https://catalogodatos.gub.uy/", "http://opingogn.is/", "http://data.qld.gov.au", "http://data.sa.gov.au/", "http://dati.toscana.it/", "http://opendata.aragon.es/", "http://datagm.org.uk", "http://publicdata.eu", "http://offenedaten.de/", "http://www.nosdonnees.fr/", "http://hubofdata.ru/", "http://data.openva.com/", "http://data.codeforhouston.com/", "http://datos.codeandomexico.org/", "http://opendatadc.org/", "http://data.edostate.gov.ng/", "http://dartportal.leeds.ac.uk/", "http://bermuda.io/", "http://opendata.admin.ch/", "http://data.kk.dk/", "http://opendata.cmt.es/", "http://opendata.hu/", "http://dati.trentino.it/", "http://data.gov.ro/", "http://data.surrey.ca/", "http://rotterdamopendata.nl/", "http://opendata.caceres.es/", "http://data.kk.dk/", "http://opendata.caceres.es/", "http://data.rio.rj.gov.br/", "http://donnees.ville.sherbrooke.qc.ca", "http://datosabiertos.ec", "http://www.offene-daten.me", "http://udct-data.aigid.jp", "http://data.grcity.us", "http://cities.opendatahub.gr", "http://www.civicdata.io", "http://ckan.gsi.go.jp", "http://datamx.io", "http://dataforjapan.org", "http://opendata.lisra.jp", "http://gisdata.mn.gov", "http://data.salzburgerland.com", "http://geothermaldata.org", "http://www.datos.misiones.gov.ar", "http://data.bris.ac.uk/data", "http://gong.io", "http://opendatareno.org", "http://data.gov.ie", "http://data.tainan.gov.tw"], "facet_territoire": ["http://donnees.ville.montreal.qc.ca/"], "datagovie_theme": ["http://data.gov.ie"], "recline_preview": ["http://opendata.aragon.es/", "http://www.nosdonnees.fr/", "http://opendatagortynia.gr/", null, "http://datosabiertos.ec", "http://annuario.comune.fi.it", "http://www.datos.misiones.gov.ar"], "csw_harvester": ["http://udct-data.aigid.jp"], "spatial_metadata": ["http://www.odaa.dk/", "http://data.glasgow.gov.uk/", "http://www.odaa.dk/"], "dataforjapan_theme": ["http://dataforjapan.org"], "open_ckan_harvester": ["http://offenedaten.de/"], "hdx_org_group": ["http://data.hdx.rwlabs.org"], "dadospoa_theme": ["http://datapoa.com.br/"], "basemaps_layer": ["http://ckan.gsi.go.jp"], "oaipmh": ["http://dartportal.leeds.ac.uk/"], "faq": ["http://www.civicdata.io"], "certificates": ["http://data.gov.uk"], "iati_publishers": ["http://iatiregistry.org"], "text_preview": ["http://data.sa.gov.au/", "http://datahub.io/"], "example_theme": ["http://opendatareno.org"], "ckan_overheid": ["http://publicdata.eu"], "harvest": ["http://portal.openbelgium.be"], "pages": ["http://gong.io", "http://data.tainan.gov.tw"], "tdt": ["http://portal.openbelgium.be"], "vds": ["http://donnees.ville.sherbrooke.qc.ca"], "geojson_preview": ["http://datosabiertos.malaga.eu/", "http://data.grcity.us"], "trak": ["http://data.qld.gov.au"], "odmetheme": ["http://www.offene-daten.me"], "queue": ["http://www.hri.fi"], "iati_csv": ["http://iatiregistry.org"], "resource_proxy": ["http://www.odaa.dk/", "http://data.edostate.gov.ng/", "http://opendata.hu/", "http://rotterdamopendata.nl/", "http://www.odaa.dk/", "http://cities.opendatahub.gr", "http://opendata.lisra.jp", "http://annuario.comune.fi.it"], "dcat_json_interface": ["http://datos.codeandomexico.org/", "http://datamx.io"], "wms_preview": ["http://gisdata.mn.gov"], "opendata": ["http://oppnadata.se"], "sitemap": ["http://data.gov.au"]}
 
{"nginx/1.6.1": ["http://data.gov.au"], "nginx/1.6.0": ["http://data.gov.uk"], "Apache/2.2.16": ["http://www.nosdonnees.fr/"], "unknown": ["http://data.gov.sk"], "nginx/1.2.6 (Ubuntu)": ["http://cities.opendatahub.gr"], "nginx/1.4.6 (Ubuntu)": ["http://dataforjapan.org"], "Apache/2.2.15 (Red Hat)": ["http://data.rio.rj.gov.br/", "http://gisdata.mn.gov"], "Apache": ["http://www.odaa.dk/", "http://datos.codeandomexico.org/", "http://opendata.admin.ch/", "http://dati.trentino.it/", "http://www.odaa.dk/", "http://www.offene-daten.me", "http://ckan.gsi.go.jp", "http://datamx.io"], "cloudflare-nginx": ["http://data.qld.gov.au", "http://bermuda.io/"], "Apache/2.2.22 (Ubuntu)": ["http://www.hri.fi", "http://opendata.aragon.es/", "http://africaopendata.org/", "http://data.openva.com/", "http://data.codeforhouston.com/", "http://opendatadc.org/", "http://opendata.cmt.es/", "http://data.glasgow.gov.uk/", "http://rotterdamopendata.nl/", "http://portal.openbelgium.be", "http://udct-data.aigid.jp", "http://www.civicdata.io"], "Apache/2.4.7 (Ubuntu)": ["http://opendatareno.org"], "Apache/2.2.22 (Ubuntu), cacheinter@CEMI": ["http://datosabiertos.malaga.eu/"], "Apache/2.2.22 (Debian)": ["http://datapoa.com.br/", "http://data.bris.ac.uk/data"], "nginx": ["http://donnees.ville.montreal.qc.ca/", "http://data.hdx.rwlabs.org"], "Apache/2.2.22": ["http://opingogn.is/"], "PasteWSGIServer/0.5 Python/2.6.6": ["http://annuario.comune.fi.it"], "PasteWSGIServer/0.5 Python/2.7.3": ["http://oppnadata.se"], "PasteWSGIServer/0.5 Python/2.7.5": ["http://opendatagortynia.gr/", null], "Apache/2.2.15 (CentOS)": ["http://dados.gov.br", "https://catalogodatos.gub.uy/", "http://dartportal.leeds.ac.uk/", "http://dados.recife.pe.gov.br/", "http://opendata.lisra.jp"], "nginx/1.1.19": ["http://data.sa.gov.au/", "http://dati.toscana.it/", "http://datagm.org.uk", "http://publicdata.eu", "http://iatiregistry.org", "http://datahub.io/", "http://offenedaten.de/", "http://data.edostate.gov.ng/", "http://data.kk.dk/", "http://opendata.hu/", "http://data.gov.ro/", "http://data.surrey.ca/", "http://opendata.caceres.es/", "http://data.kk.dk/", "http://opendata.caceres.es/", "http://donnees.ville.sherbrooke.qc.ca", "http://data.grcity.us", "http://data.salzburgerland.com", "http://geothermaldata.org", "http://www.datos.misiones.gov.ar", "http://gong.io", "http://data.gov.ie", "http://data.tainan.gov.tw"], "nginx/1.4.4": ["http://datosabiertos.ec"], "nginx/1.4.1": ["http://hubofdata.ru/"]}
